<?xml version="1.0" encoding="UTF-8"?>
<coverage generated="1618635282638" clover="3.2.0">
  <project timestamp="1618635282639" name="All files">
    <metrics statements="8" coveredstatements="5" conditionals="1" coveredconditionals="0" methods="3" coveredmethods="2" elements="12" coveredelements="7" complexity="0" loc="8" ncloc="8" packages="3" files="3" classes="3"/>
    <package name="src">
      <metrics statements="5" coveredstatements="2" conditionals="1" coveredconditionals="0" methods="1" coveredmethods="0"/>
      <file name="sample.js" path="D:\College\Docs\TY\Sem 6\MSD\IA 1\devops-notes\src\sample.js">
        <metrics statements="5" coveredstatements="2" conditionals="1" coveredconditionals="0" methods="1" coveredmethods="0"/>
        <line num="1" count="1" type="cond" truecount="0" falsecount="1"/>
        <line num="2" count="0" type="stmt"/>
        <line num="3" count="0" type="stmt"/>
        <line num="4" count="0" type="stmt"/>
        <line num="8" count="1" type="stmt"/>
      </file>
    </package>
    <package name="src.components">
      <metrics statements="1" coveredstatements="1" conditionals="0" coveredconditionals="0" methods="1" coveredmethods="1"/>
      <file name="Header.js" path="D:\College\Docs\TY\Sem 6\MSD\IA 1\devops-notes\src\components\Header.js">
        <metrics statements="1" coveredstatements="1" conditionals="0" coveredconditionals="0" methods="1" coveredmethods="1"/>
        <line num="4" count="1" type="stmt"/>
      </file>
    </package>
    <package name="src.components.Footer">
      <metrics statements="2" coveredstatements="2" conditionals="0" coveredconditionals="0" methods="1" coveredmethods="1"/>
      <file name="Footer.js" path="D:\College\Docs\TY\Sem 6\MSD\IA 1\devops-notes\src\components\Footer\Footer.js">
        <metrics statements="2" coveredstatements="2" conditionals="0" coveredconditionals="0" methods="1" coveredmethods="1"/>
        <line num="4" count="1" type="stmt"/>
        <line num="5" count="1" type="stmt"/>
      </file>
    </package>
  </project>
</coverage>
