{"D:\\College\\Docs\\TY\\Sem 6\\MSD\\IA 1\\devops-notes\\src\\sample.js": {"path":"D:\\College\\Docs\\TY\\Sem 6\\MSD\\IA 1\\devops-notes\\src\\sample.js","statementMap":{"0":{"start":{"line":1,"column":21},"end":{"line":5,"column":3}},"1":{"start":{"line":2,"column":17},"end":{"line":2,"column":95}},"2":{"start":{"line":3,"column":4},"end":{"line":3,"column":37}},"3":{"start":{"line":4,"column":4},"end":{"line":4,"column":31}},"4":{"start":{"line":8,"column":2},"end":{"line":8,"column":38}}},"fnMap":{"0":{"name":"(anonymous_0)","decl":{"start":{"line":1,"column":21},"end":{"line":1,"column":22}},"loc":{"start":{"line":1,"column":44},"end":{"line":5,"column":3}},"line":1}},"branchMap":{"0":{"loc":{"start":{"line":1,"column":22},"end":{"line":1,"column":39}},"type":"default-arg","locations":[{"start":{"line":1,"column":29},"end":{"line":1,"column":39}}],"line":1}},"s":{"0":1,"1":1,"2":1,"3":1,"4":1},"f":{"0":1},"b":{"0":[0]},"_coverageSchema":"1a1c01bbd47fc00a2c39e90264f33305004495a9","hash":"edccaa380015bbfda5ad56110fbea84e7be3a2e4"}
,"D:\\College\\Docs\\TY\\Sem 6\\MSD\\IA 1\\devops-notes\\src\\components\\Footer\\Footer.js": {"path":"D:\\College\\Docs\\TY\\Sem 6\\MSD\\IA 1\\devops-notes\\src\\components\\Footer\\Footer.js","statementMap":{"0":{"start":{"line":4,"column":15},"end":{"line":4,"column":39}},"1":{"start":{"line":5,"column":2},"end":{"line":9,"column":4}}},"fnMap":{"0":{"name":"Footer","decl":{"start":{"line":3,"column":9},"end":{"line":3,"column":15}},"loc":{"start":{"line":3,"column":18},"end":{"line":10,"column":1}},"line":3}},"branchMap":{},"s":{"0":1,"1":1},"f":{"0":1},"b":{},"_coverageSchema":"1a1c01bbd47fc00a2c39e90264f33305004495a9","hash":"7cea4db16637543109babd0172d994ce5373469a"}
}
