TN:
SF:D:\College\Docs\TY\Sem 6\MSD\IA 1\devops-notes\src\sample.js
FN:1,(anonymous_0)
FNF:1
FNH:0
FNDA:0,(anonymous_0)
DA:1,1
DA:2,0
DA:3,0
DA:4,0
DA:8,1
LF:5
LH:2
BRDA:1,0,0,0
BRF:1
BRH:0
end_of_record
TN:
SF:D:\College\Docs\TY\Sem 6\MSD\IA 1\devops-notes\src\components\Header.js
FN:3,Header
FNF:1
FNH:1
FNDA:1,Header
DA:4,1
LF:1
LH:1
BRF:0
BRH:0
end_of_record
TN:
SF:D:\College\Docs\TY\Sem 6\MSD\IA 1\devops-notes\src\components\Footer\Footer.js
FN:3,Footer
FNF:1
FNH:1
FNDA:1,Footer
DA:4,1
DA:5,1
LF:2
LH:2
BRF:0
BRH:0
end_of_record
